<?xml version="1.0" encoding="UTF-8"?>
<!-- Generated by org.testng.reporters.JUnitReportReporter -->
<testsuite hostname="LTIN-APLLXFC7QJKQW" failures="0" tests="1" name="Srcipts.ThirdScript" time="3.778" errors="0" timestamp="2024-06-13T21:36:25 IST" skipped="0">
  <testcase classname="Srcipts.ThirdScript" name="test" time="3.778"/>
  <system-out/>
</testsuite> <!-- Srcipts.ThirdScript -->
