<?xml version="1.0" encoding="UTF-8"?>
<!-- Generated by org.testng.reporters.JUnitReportReporter -->
<testsuite hostname="LTIN-APLLXFC7QJKQW" failures="0" tests="1" name="Srcipts.FirstTaskScript" time="14.962" errors="0" timestamp="2024-06-13T21:36:25 IST" skipped="0">
  <testcase classname="Srcipts.FirstTaskScript" name="testScript" time="14.962"/>
  <system-out/>
</testsuite> <!-- Srcipts.FirstTaskScript -->
